2020-01-06 22:42:14.352  INFO 12192 --- [main] com.kibana.elk.ElkApplication            : Starting ElkApplication on Aman-Lal with PID 12192 (C:\Users\Lalpuria_am\eclipse-workspace\spring-boot-ELK\target\classes started by Lalpuria_Am in C:\Users\Lalpuria_am\eclipse-workspace\spring-boot-ELK)
2020-01-06 22:42:14.360  INFO 12192 --- [main] com.kibana.elk.ElkApplication            : No active profile set, falling back to default profiles: default
2020-01-06 22:42:15.603  INFO 12192 --- [main] o.s.b.w.embedded.tomcat.TomcatWebServer  : Tomcat initialized with port(s): 8080 (http)
2020-01-06 22:42:15.626  INFO 12192 --- [main] o.apache.catalina.core.StandardService   : Starting service [Tomcat]
2020-01-06 22:42:15.632  INFO 12192 --- [main] org.apache.catalina.core.StandardEngine  : Starting Servlet Engine: Apache Tomcat/9.0.12
2020-01-06 22:42:15.643  INFO 12192 --- [main] o.a.catalina.core.AprLifecycleListener   : The APR based Apache Tomcat Native library which allows optimal performance in production environments was not found on the java.library.path: [C:\Program Files\Java\jre1.8.0_152\bin;C:\Windows\Sun\Java\bin;C:\Windows\system32;C:\Windows;C:/Program Files/Java/jre1.8.0_152/bin/server;C:/Program Files/Java/jre1.8.0_152/bin;C:/Program Files/Java/jre1.8.0_152/lib/amd64;C:\ProgramData\Oracle\Java\javapath;C:\Windows\system32;C:\Windows;C:\Windows\System32\Wbem;C:\Windows\System32\WindowsPowerShell\v1.0\;C:\Windows\System32\OpenSSH\;C:\Users\Lalpuria_am\AppData\Local\Microsoft\WindowsApps;C:\Users\Lalpuria_am\AppData\Local\Programs\Git\cmd;C:\Users\Lalpuria_am\AppData\Local\Programs\Microsoft VS Code\bin;C:\Program Files\Java\jdk1.8.0_152\bin;;C:\Windows\system32;;.]
2020-01-06 22:42:15.796  INFO 12192 --- [main] o.a.c.c.C.[Tomcat].[localhost].[/]       : Initializing Spring embedded WebApplicationContext
2020-01-06 22:42:15.796  INFO 12192 --- [main] o.s.web.context.ContextLoader            : Root WebApplicationContext: initialization completed in 1393 ms
2020-01-06 22:42:15.820  INFO 12192 --- [main] o.s.b.w.servlet.ServletRegistrationBean  : Servlet dispatcherServlet mapped to [/]
2020-01-06 22:42:15.825  INFO 12192 --- [main] o.s.b.w.servlet.FilterRegistrationBean   : Mapping filter: 'characterEncodingFilter' to: [/*]
2020-01-06 22:42:15.826  INFO 12192 --- [main] o.s.b.w.servlet.FilterRegistrationBean   : Mapping filter: 'hiddenHttpMethodFilter' to: [/*]
2020-01-06 22:42:15.826  INFO 12192 --- [main] o.s.b.w.servlet.FilterRegistrationBean   : Mapping filter: 'formContentFilter' to: [/*]
2020-01-06 22:42:15.826  INFO 12192 --- [main] o.s.b.w.servlet.FilterRegistrationBean   : Mapping filter: 'requestContextFilter' to: [/*]
2020-01-06 22:42:16.012  INFO 12192 --- [main] o.s.s.concurrent.ThreadPoolTaskExecutor  : Initializing ExecutorService 'applicationTaskExecutor'
2020-01-06 22:42:16.216  INFO 12192 --- [main] o.s.b.w.embedded.tomcat.TomcatWebServer  : Tomcat started on port(s): 8080 (http) with context path ''
2020-01-06 22:42:16.220  INFO 12192 --- [main] com.kibana.elk.ElkApplication            : Started ElkApplication in 2.189 seconds (JVM running for 2.742)
2020-01-06 22:42:26.054  INFO 12192 --- [http-nio-8080-exec-1] o.a.c.c.C.[Tomcat].[localhost].[/]       : Initializing Spring DispatcherServlet 'dispatcherServlet'
2020-01-06 22:42:26.055  INFO 12192 --- [http-nio-8080-exec-1] o.s.web.servlet.DispatcherServlet        : Initializing Servlet 'dispatcherServlet'
2020-01-06 22:42:26.061  INFO 12192 --- [http-nio-8080-exec-1] o.s.web.servlet.DispatcherServlet        : Completed initialization in 6 ms
2020-01-06 22:42:36.817  INFO 24344 --- [main] com.kibana.elk.ElkApplication            : Starting ElkApplication on Aman-Lal with PID 24344 (C:\Users\Lalpuria_am\eclipse-workspace\spring-boot-ELK\target\classes started by Lalpuria_Am in C:\Users\Lalpuria_am\eclipse-workspace\spring-boot-ELK)
2020-01-06 22:42:36.820  INFO 24344 --- [main] com.kibana.elk.ElkApplication            : No active profile set, falling back to default profiles: default
2020-01-06 22:42:38.002  INFO 24344 --- [main] o.s.b.w.embedded.tomcat.TomcatWebServer  : Tomcat initialized with port(s): 8080 (http)
2020-01-06 22:42:38.019  INFO 24344 --- [main] o.apache.catalina.core.StandardService   : Starting service [Tomcat]
2020-01-06 22:42:38.020  INFO 24344 --- [main] org.apache.catalina.core.StandardEngine  : Starting Servlet Engine: Apache Tomcat/9.0.12
2020-01-06 22:42:38.028  INFO 24344 --- [main] o.a.catalina.core.AprLifecycleListener   : The APR based Apache Tomcat Native library which allows optimal performance in production environments was not found on the java.library.path: [C:\Program Files\Java\jre1.8.0_152\bin;C:\Windows\Sun\Java\bin;C:\Windows\system32;C:\Windows;C:/Program Files/Java/jre1.8.0_152/bin/server;C:/Program Files/Java/jre1.8.0_152/bin;C:/Program Files/Java/jre1.8.0_152/lib/amd64;C:\ProgramData\Oracle\Java\javapath;C:\Windows\system32;C:\Windows;C:\Windows\System32\Wbem;C:\Windows\System32\WindowsPowerShell\v1.0\;C:\Windows\System32\OpenSSH\;C:\Users\Lalpuria_am\AppData\Local\Microsoft\WindowsApps;C:\Users\Lalpuria_am\AppData\Local\Programs\Git\cmd;C:\Users\Lalpuria_am\AppData\Local\Programs\Microsoft VS Code\bin;C:\Program Files\Java\jdk1.8.0_152\bin;;C:\Windows\system32;;.]
2020-01-06 22:42:38.136  INFO 24344 --- [main] o.a.c.c.C.[Tomcat].[localhost].[/]       : Initializing Spring embedded WebApplicationContext
2020-01-06 22:42:38.136  INFO 24344 --- [main] o.s.web.context.ContextLoader            : Root WebApplicationContext: initialization completed in 1281 ms
2020-01-06 22:42:38.157  INFO 24344 --- [main] o.s.b.w.servlet.ServletRegistrationBean  : Servlet dispatcherServlet mapped to [/]
2020-01-06 22:42:38.160  INFO 24344 --- [main] o.s.b.w.servlet.FilterRegistrationBean   : Mapping filter: 'characterEncodingFilter' to: [/*]
2020-01-06 22:42:38.161  INFO 24344 --- [main] o.s.b.w.servlet.FilterRegistrationBean   : Mapping filter: 'hiddenHttpMethodFilter' to: [/*]
2020-01-06 22:42:38.161  INFO 24344 --- [main] o.s.b.w.servlet.FilterRegistrationBean   : Mapping filter: 'formContentFilter' to: [/*]
2020-01-06 22:42:38.161  INFO 24344 --- [main] o.s.b.w.servlet.FilterRegistrationBean   : Mapping filter: 'requestContextFilter' to: [/*]
2020-01-06 22:42:38.341  INFO 24344 --- [main] o.s.s.concurrent.ThreadPoolTaskExecutor  : Initializing ExecutorService 'applicationTaskExecutor'
2020-01-06 22:42:38.524  INFO 24344 --- [main] o.s.b.w.embedded.tomcat.TomcatWebServer  : Tomcat started on port(s): 8080 (http) with context path ''
2020-01-06 22:42:38.527  INFO 24344 --- [main] com.kibana.elk.ElkApplication            : Started ElkApplication in 2.034 seconds (JVM running for 2.551)
2020-01-06 22:42:47.319  INFO 24344 --- [http-nio-8080-exec-1] o.a.c.c.C.[Tomcat].[localhost].[/]       : Initializing Spring DispatcherServlet 'dispatcherServlet'
2020-01-06 22:42:47.319  INFO 24344 --- [http-nio-8080-exec-1] o.s.web.servlet.DispatcherServlet        : Initializing Servlet 'dispatcherServlet'
2020-01-06 22:42:47.326  INFO 24344 --- [http-nio-8080-exec-1] o.s.web.servlet.DispatcherServlet        : Completed initialization in 7 ms
2020-01-06 22:43:23.344  INFO 5936 --- [main] com.kibana.elk.ElkApplication            : Starting ElkApplication on Aman-Lal with PID 5936 (C:\Users\Lalpuria_am\eclipse-workspace\spring-boot-ELK\target\classes started by Lalpuria_Am in C:\Users\Lalpuria_am\eclipse-workspace\spring-boot-ELK)
2020-01-06 22:43:23.349  INFO 5936 --- [main] com.kibana.elk.ElkApplication            : No active profile set, falling back to default profiles: default
2020-01-06 22:43:40.905  INFO 24116 --- [main] com.kibana.elk.ElkApplication            : Starting ElkApplication on Aman-Lal with PID 24116 (C:\Users\Lalpuria_am\eclipse-workspace\spring-boot-ELK\target\classes started by Lalpuria_Am in C:\Users\Lalpuria_am\eclipse-workspace\spring-boot-ELK)
2020-01-06 22:43:40.910  INFO 24116 --- [main] com.kibana.elk.ElkApplication            : No active profile set, falling back to default profiles: default
2020-01-06 22:43:42.259  INFO 24116 --- [main] o.s.b.w.embedded.tomcat.TomcatWebServer  : Tomcat initialized with port(s): 8080 (http)
2020-01-06 22:43:42.277  INFO 24116 --- [main] o.apache.catalina.core.StandardService   : Starting service [Tomcat]
2020-01-06 22:43:42.277  INFO 24116 --- [main] org.apache.catalina.core.StandardEngine  : Starting Servlet Engine: Apache Tomcat/9.0.12
2020-01-06 22:43:42.285  INFO 24116 --- [main] o.a.catalina.core.AprLifecycleListener   : The APR based Apache Tomcat Native library which allows optimal performance in production environments was not found on the java.library.path: [C:\Program Files\Java\jre1.8.0_152\bin;C:\Windows\Sun\Java\bin;C:\Windows\system32;C:\Windows;C:/Program Files/Java/jre1.8.0_152/bin/server;C:/Program Files/Java/jre1.8.0_152/bin;C:/Program Files/Java/jre1.8.0_152/lib/amd64;C:\ProgramData\Oracle\Java\javapath;C:\Windows\system32;C:\Windows;C:\Windows\System32\Wbem;C:\Windows\System32\WindowsPowerShell\v1.0\;C:\Windows\System32\OpenSSH\;C:\Users\Lalpuria_am\AppData\Local\Microsoft\WindowsApps;C:\Users\Lalpuria_am\AppData\Local\Programs\Git\cmd;C:\Users\Lalpuria_am\AppData\Local\Programs\Microsoft VS Code\bin;C:\Program Files\Java\jdk1.8.0_152\bin;;C:\Windows\system32;;.]
2020-01-06 22:43:42.385  INFO 24116 --- [main] o.a.c.c.C.[Tomcat].[localhost].[/]       : Initializing Spring embedded WebApplicationContext
2020-01-06 22:43:42.385  INFO 24116 --- [main] o.s.web.context.ContextLoader            : Root WebApplicationContext: initialization completed in 1421 ms
2020-01-06 22:43:42.410  INFO 24116 --- [main] o.s.b.w.servlet.ServletRegistrationBean  : Servlet dispatcherServlet mapped to [/]
2020-01-06 22:43:42.414  INFO 24116 --- [main] o.s.b.w.servlet.FilterRegistrationBean   : Mapping filter: 'characterEncodingFilter' to: [/*]
2020-01-06 22:43:42.414  INFO 24116 --- [main] o.s.b.w.servlet.FilterRegistrationBean   : Mapping filter: 'hiddenHttpMethodFilter' to: [/*]
2020-01-06 22:43:42.414  INFO 24116 --- [main] o.s.b.w.servlet.FilterRegistrationBean   : Mapping filter: 'formContentFilter' to: [/*]
2020-01-06 22:43:42.414  INFO 24116 --- [main] o.s.b.w.servlet.FilterRegistrationBean   : Mapping filter: 'requestContextFilter' to: [/*]
2020-01-06 22:43:42.592  INFO 24116 --- [main] o.s.s.concurrent.ThreadPoolTaskExecutor  : Initializing ExecutorService 'applicationTaskExecutor'
2020-01-06 22:43:42.824  INFO 24116 --- [main] o.s.b.w.embedded.tomcat.TomcatWebServer  : Tomcat started on port(s): 8080 (http) with context path ''
2020-01-06 22:43:42.829  INFO 24116 --- [main] com.kibana.elk.ElkApplication            : Started ElkApplication in 2.408 seconds (JVM running for 3.157)
2020-01-06 22:45:08.067  INFO 20440 --- [main] com.kibana.elk.ElkApplication            : Starting ElkApplication on Aman-Lal with PID 20440 (C:\Users\Lalpuria_am\eclipse-workspace\spring-boot-ELK\target\classes started by Lalpuria_Am in C:\Users\Lalpuria_am\eclipse-workspace\spring-boot-ELK)
2020-01-06 22:45:08.070  INFO 20440 --- [main] com.kibana.elk.ElkApplication            : No active profile set, falling back to default profiles: default
2020-01-06 22:45:09.282  INFO 20440 --- [main] o.s.b.w.embedded.tomcat.TomcatWebServer  : Tomcat initialized with port(s): 8080 (http)
2020-01-06 22:45:09.303  INFO 20440 --- [main] o.apache.catalina.core.StandardService   : Starting service [Tomcat]
2020-01-06 22:45:09.303  INFO 20440 --- [main] org.apache.catalina.core.StandardEngine  : Starting Servlet Engine: Apache Tomcat/9.0.12
2020-01-06 22:45:09.312  INFO 20440 --- [main] o.a.catalina.core.AprLifecycleListener   : The APR based Apache Tomcat Native library which allows optimal performance in production environments was not found on the java.library.path: [C:\Program Files\Java\jre1.8.0_152\bin;C:\Windows\Sun\Java\bin;C:\Windows\system32;C:\Windows;C:/Program Files/Java/jre1.8.0_152/bin/server;C:/Program Files/Java/jre1.8.0_152/bin;C:/Program Files/Java/jre1.8.0_152/lib/amd64;C:\ProgramData\Oracle\Java\javapath;C:\Windows\system32;C:\Windows;C:\Windows\System32\Wbem;C:\Windows\System32\WindowsPowerShell\v1.0\;C:\Windows\System32\OpenSSH\;C:\Users\Lalpuria_am\AppData\Local\Microsoft\WindowsApps;C:\Users\Lalpuria_am\AppData\Local\Programs\Git\cmd;C:\Users\Lalpuria_am\AppData\Local\Programs\Microsoft VS Code\bin;C:\Program Files\Java\jdk1.8.0_152\bin;;C:\Windows\system32;;.]
2020-01-06 22:45:09.417  INFO 20440 --- [main] o.a.c.c.C.[Tomcat].[localhost].[/]       : Initializing Spring embedded WebApplicationContext
2020-01-06 22:45:09.417  INFO 20440 --- [main] o.s.web.context.ContextLoader            : Root WebApplicationContext: initialization completed in 1305 ms
2020-01-06 22:45:09.437  INFO 20440 --- [main] o.s.b.w.servlet.ServletRegistrationBean  : Servlet dispatcherServlet mapped to [/]
2020-01-06 22:45:09.441  INFO 20440 --- [main] o.s.b.w.servlet.FilterRegistrationBean   : Mapping filter: 'characterEncodingFilter' to: [/*]
2020-01-06 22:45:09.441  INFO 20440 --- [main] o.s.b.w.servlet.FilterRegistrationBean   : Mapping filter: 'hiddenHttpMethodFilter' to: [/*]
2020-01-06 22:45:09.442  INFO 20440 --- [main] o.s.b.w.servlet.FilterRegistrationBean   : Mapping filter: 'formContentFilter' to: [/*]
2020-01-06 22:45:09.442  INFO 20440 --- [main] o.s.b.w.servlet.FilterRegistrationBean   : Mapping filter: 'requestContextFilter' to: [/*]
2020-01-06 22:45:09.636  INFO 20440 --- [main] o.s.s.concurrent.ThreadPoolTaskExecutor  : Initializing ExecutorService 'applicationTaskExecutor'
2020-01-06 22:45:09.843  INFO 20440 --- [main] o.s.b.w.embedded.tomcat.TomcatWebServer  : Tomcat started on port(s): 8080 (http) with context path ''
2020-01-06 22:45:09.846  INFO 20440 --- [main] com.kibana.elk.ElkApplication            : Started ElkApplication in 2.089 seconds (JVM running for 2.604)
2020-01-06 22:45:15.316  INFO 20440 --- [http-nio-8080-exec-1] o.a.c.c.C.[Tomcat].[localhost].[/]       : Initializing Spring DispatcherServlet 'dispatcherServlet'
2020-01-06 22:45:15.316  INFO 20440 --- [http-nio-8080-exec-1] o.s.web.servlet.DispatcherServlet        : Initializing Servlet 'dispatcherServlet'
2020-01-06 22:45:15.323  INFO 20440 --- [http-nio-8080-exec-1] o.s.web.servlet.DispatcherServlet        : Completed initialization in 7 ms
2020-01-06 22:46:11.231  INFO 24424 --- [main] com.kibana.elk.ElkApplication            : Starting ElkApplication on Aman-Lal with PID 24424 (C:\Users\Lalpuria_am\eclipse-workspace\spring-boot-ELK\target\classes started by Lalpuria_Am in C:\Users\Lalpuria_am\eclipse-workspace\spring-boot-ELK)
2020-01-06 22:46:11.234  INFO 24424 --- [main] com.kibana.elk.ElkApplication            : No active profile set, falling back to default profiles: default
2020-01-06 22:46:12.450  INFO 24424 --- [main] o.s.b.w.embedded.tomcat.TomcatWebServer  : Tomcat initialized with port(s): 8080 (http)
2020-01-06 22:46:12.470  INFO 24424 --- [main] o.apache.catalina.core.StandardService   : Starting service [Tomcat]
2020-01-06 22:46:12.471  INFO 24424 --- [main] org.apache.catalina.core.StandardEngine  : Starting Servlet Engine: Apache Tomcat/9.0.12
2020-01-06 22:46:12.480  INFO 24424 --- [main] o.a.catalina.core.AprLifecycleListener   : The APR based Apache Tomcat Native library which allows optimal performance in production environments was not found on the java.library.path: [C:\Program Files\Java\jre1.8.0_152\bin;C:\Windows\Sun\Java\bin;C:\Windows\system32;C:\Windows;C:/Program Files/Java/jre1.8.0_152/bin/server;C:/Program Files/Java/jre1.8.0_152/bin;C:/Program Files/Java/jre1.8.0_152/lib/amd64;C:\ProgramData\Oracle\Java\javapath;C:\Windows\system32;C:\Windows;C:\Windows\System32\Wbem;C:\Windows\System32\WindowsPowerShell\v1.0\;C:\Windows\System32\OpenSSH\;C:\Users\Lalpuria_am\AppData\Local\Microsoft\WindowsApps;C:\Users\Lalpuria_am\AppData\Local\Programs\Git\cmd;C:\Users\Lalpuria_am\AppData\Local\Programs\Microsoft VS Code\bin;C:\Program Files\Java\jdk1.8.0_152\bin;;C:\Windows\system32;;.]
2020-01-06 22:46:12.591  INFO 24424 --- [main] o.a.c.c.C.[Tomcat].[localhost].[/]       : Initializing Spring embedded WebApplicationContext
2020-01-06 22:46:12.592  INFO 24424 --- [main] o.s.web.context.ContextLoader            : Root WebApplicationContext: initialization completed in 1310 ms
2020-01-06 22:46:12.612  INFO 24424 --- [main] o.s.b.w.servlet.ServletRegistrationBean  : Servlet dispatcherServlet mapped to [/]
2020-01-06 22:46:12.615  INFO 24424 --- [main] o.s.b.w.servlet.FilterRegistrationBean   : Mapping filter: 'characterEncodingFilter' to: [/*]
2020-01-06 22:46:12.615  INFO 24424 --- [main] o.s.b.w.servlet.FilterRegistrationBean   : Mapping filter: 'hiddenHttpMethodFilter' to: [/*]
2020-01-06 22:46:12.615  INFO 24424 --- [main] o.s.b.w.servlet.FilterRegistrationBean   : Mapping filter: 'formContentFilter' to: [/*]
2020-01-06 22:46:12.615  INFO 24424 --- [main] o.s.b.w.servlet.FilterRegistrationBean   : Mapping filter: 'requestContextFilter' to: [/*]
2020-01-06 22:46:12.787  INFO 24424 --- [main] o.s.s.concurrent.ThreadPoolTaskExecutor  : Initializing ExecutorService 'applicationTaskExecutor'
2020-01-06 22:46:12.976  INFO 24424 --- [main] o.s.b.w.embedded.tomcat.TomcatWebServer  : Tomcat started on port(s): 8080 (http) with context path ''
2020-01-06 22:46:12.979  INFO 24424 --- [main] com.kibana.elk.ElkApplication            : Started ElkApplication in 2.075 seconds (JVM running for 2.626)
2020-01-06 22:46:23.490  INFO 24424 --- [http-nio-8080-exec-1] o.a.c.c.C.[Tomcat].[localhost].[/]       : Initializing Spring DispatcherServlet 'dispatcherServlet'
2020-01-06 22:46:23.491  INFO 24424 --- [http-nio-8080-exec-1] o.s.web.servlet.DispatcherServlet        : Initializing Servlet 'dispatcherServlet'
2020-01-06 22:46:23.540  INFO 24424 --- [http-nio-8080-exec-1] o.s.web.servlet.DispatcherServlet        : Completed initialization in 49 ms
2020-01-06 22:48:23.065  INFO 15532 --- [main] com.kibana.elk.ElkApplication            : Starting ElkApplication on Aman-Lal with PID 15532 (C:\Users\Lalpuria_am\eclipse-workspace\spring-boot-ELK\target\classes started by Lalpuria_Am in C:\Users\Lalpuria_am\eclipse-workspace\spring-boot-ELK)
2020-01-06 22:48:23.067  INFO 15532 --- [main] com.kibana.elk.ElkApplication            : No active profile set, falling back to default profiles: default
2020-01-06 22:48:34.227  INFO 15532 --- [main] o.s.b.w.embedded.tomcat.TomcatWebServer  : Tomcat initialized with port(s): 8080 (http)
2020-01-06 22:48:34.249  INFO 15532 --- [main] o.apache.catalina.core.StandardService   : Starting service [Tomcat]
2020-01-06 22:48:34.250  INFO 15532 --- [main] org.apache.catalina.core.StandardEngine  : Starting Servlet Engine: Apache Tomcat/9.0.12
2020-01-06 22:48:34.258  INFO 15532 --- [main] o.a.catalina.core.AprLifecycleListener   : The APR based Apache Tomcat Native library which allows optimal performance in production environments was not found on the java.library.path: [C:\Program Files\Java\jre1.8.0_152\bin;C:\Windows\Sun\Java\bin;C:\Windows\system32;C:\Windows;C:/Program Files/Java/jre1.8.0_152/bin/server;C:/Program Files/Java/jre1.8.0_152/bin;C:/Program Files/Java/jre1.8.0_152/lib/amd64;C:\ProgramData\Oracle\Java\javapath;C:\Windows\system32;C:\Windows;C:\Windows\System32\Wbem;C:\Windows\System32\WindowsPowerShell\v1.0\;C:\Windows\System32\OpenSSH\;C:\Users\Lalpuria_am\AppData\Local\Microsoft\WindowsApps;C:\Users\Lalpuria_am\AppData\Local\Programs\Git\cmd;C:\Users\Lalpuria_am\AppData\Local\Programs\Microsoft VS Code\bin;C:\Program Files\Java\jdk1.8.0_152\bin;;C:\Windows\system32;;.]
2020-01-06 22:48:34.360  INFO 15532 --- [main] o.a.c.c.C.[Tomcat].[localhost].[/]       : Initializing Spring embedded WebApplicationContext
2020-01-06 22:48:34.361  INFO 15532 --- [main] o.s.web.context.ContextLoader            : Root WebApplicationContext: initialization completed in 11253 ms
2020-01-06 22:48:34.380  INFO 15532 --- [main] o.s.b.w.servlet.ServletRegistrationBean  : Servlet dispatcherServlet mapped to [/]
2020-01-06 22:48:34.383  INFO 15532 --- [main] o.s.b.w.servlet.FilterRegistrationBean   : Mapping filter: 'characterEncodingFilter' to: [/*]
2020-01-06 22:48:34.383  INFO 15532 --- [main] o.s.b.w.servlet.FilterRegistrationBean   : Mapping filter: 'hiddenHttpMethodFilter' to: [/*]
2020-01-06 22:48:34.384  INFO 15532 --- [main] o.s.b.w.servlet.FilterRegistrationBean   : Mapping filter: 'formContentFilter' to: [/*]
2020-01-06 22:48:34.384  INFO 15532 --- [main] o.s.b.w.servlet.FilterRegistrationBean   : Mapping filter: 'requestContextFilter' to: [/*]
2020-01-06 22:48:34.549  INFO 15532 --- [main] o.s.s.concurrent.ThreadPoolTaskExecutor  : Initializing ExecutorService 'applicationTaskExecutor'
2020-01-06 22:48:34.743  INFO 15532 --- [main] o.s.b.w.embedded.tomcat.TomcatWebServer  : Tomcat started on port(s): 8080 (http) with context path ''
2020-01-06 22:48:34.748  INFO 15532 --- [main] com.kibana.elk.ElkApplication            : Started ElkApplication in 11.989 seconds (JVM running for 12.507)
2020-01-06 22:48:48.089  INFO 4488 --- [main] com.kibana.elk.ElkApplication            : Starting ElkApplication on Aman-Lal with PID 4488 (C:\Users\Lalpuria_am\eclipse-workspace\spring-boot-ELK\target\classes started by Lalpuria_Am in C:\Users\Lalpuria_am\eclipse-workspace\spring-boot-ELK)
2020-01-06 22:48:48.092  INFO 4488 --- [main] com.kibana.elk.ElkApplication            : No active profile set, falling back to default profiles: default
2020-01-06 22:48:49.314  INFO 4488 --- [main] o.s.b.w.embedded.tomcat.TomcatWebServer  : Tomcat initialized with port(s): 8080 (http)
2020-01-06 22:48:49.332  INFO 4488 --- [main] o.apache.catalina.core.StandardService   : Starting service [Tomcat]
2020-01-06 22:48:49.332  INFO 4488 --- [main] org.apache.catalina.core.StandardEngine  : Starting Servlet Engine: Apache Tomcat/9.0.12
2020-01-06 22:48:49.341  INFO 4488 --- [main] o.a.catalina.core.AprLifecycleListener   : The APR based Apache Tomcat Native library which allows optimal performance in production environments was not found on the java.library.path: [C:\Program Files\Java\jre1.8.0_152\bin;C:\Windows\Sun\Java\bin;C:\Windows\system32;C:\Windows;C:/Program Files/Java/jre1.8.0_152/bin/server;C:/Program Files/Java/jre1.8.0_152/bin;C:/Program Files/Java/jre1.8.0_152/lib/amd64;C:\ProgramData\Oracle\Java\javapath;C:\Windows\system32;C:\Windows;C:\Windows\System32\Wbem;C:\Windows\System32\WindowsPowerShell\v1.0\;C:\Windows\System32\OpenSSH\;C:\Users\Lalpuria_am\AppData\Local\Microsoft\WindowsApps;C:\Users\Lalpuria_am\AppData\Local\Programs\Git\cmd;C:\Users\Lalpuria_am\AppData\Local\Programs\Microsoft VS Code\bin;C:\Program Files\Java\jdk1.8.0_152\bin;;C:\Windows\system32;;.]
2020-01-06 22:48:49.456  INFO 4488 --- [main] o.a.c.c.C.[Tomcat].[localhost].[/]       : Initializing Spring embedded WebApplicationContext
2020-01-06 22:48:49.456  INFO 4488 --- [main] o.s.web.context.ContextLoader            : Root WebApplicationContext: initialization completed in 1322 ms
2020-01-06 22:48:49.480  INFO 4488 --- [main] o.s.b.w.servlet.ServletRegistrationBean  : Servlet dispatcherServlet mapped to [/]
2020-01-06 22:48:49.484  INFO 4488 --- [main] o.s.b.w.servlet.FilterRegistrationBean   : Mapping filter: 'characterEncodingFilter' to: [/*]
2020-01-06 22:48:49.484  INFO 4488 --- [main] o.s.b.w.servlet.FilterRegistrationBean   : Mapping filter: 'hiddenHttpMethodFilter' to: [/*]
2020-01-06 22:48:49.484  INFO 4488 --- [main] o.s.b.w.servlet.FilterRegistrationBean   : Mapping filter: 'formContentFilter' to: [/*]
2020-01-06 22:48:49.484  INFO 4488 --- [main] o.s.b.w.servlet.FilterRegistrationBean   : Mapping filter: 'requestContextFilter' to: [/*]
2020-01-06 22:48:49.655  INFO 4488 --- [main] o.s.s.concurrent.ThreadPoolTaskExecutor  : Initializing ExecutorService 'applicationTaskExecutor'
2020-01-06 22:48:49.844  INFO 4488 --- [main] o.s.b.w.embedded.tomcat.TomcatWebServer  : Tomcat started on port(s): 8080 (http) with context path ''
2020-01-06 22:48:49.847  INFO 4488 --- [main] com.kibana.elk.ElkApplication            : Started ElkApplication in 2.075 seconds (JVM running for 2.617)
2020-01-06 22:48:56.293  INFO 4488 --- [http-nio-8080-exec-1] o.a.c.c.C.[Tomcat].[localhost].[/]       : Initializing Spring DispatcherServlet 'dispatcherServlet'
2020-01-06 22:48:56.293  INFO 4488 --- [http-nio-8080-exec-1] o.s.web.servlet.DispatcherServlet        : Initializing Servlet 'dispatcherServlet'
2020-01-06 22:48:56.298  INFO 4488 --- [http-nio-8080-exec-1] o.s.web.servlet.DispatcherServlet        : Completed initialization in 5 ms
2020-01-06 22:48:56.360  INFO 4488 --- [http-nio-8080-exec-1] com.kibana.elk.controller.ELKController  : Welcome to Logger FiltterMon Jan 06 22:48:56 IST 2020
2020-01-06 22:49:03.761 ERROR 4488 --- [http-nio-8080-exec-3] com.kibana.elk.controller.ELKController  : Exceptionjava.lang.Exception: Exception has occured....
2020-01-06 22:49:03.762 ERROR 4488 --- [http-nio-8080-exec-3] com.kibana.elk.controller.ELKController  : Exception - java.lang.Exception: Exception has occured....
	at com.kibana.elk.controller.ELKController.exception(ELKController.java:40)
	at sun.reflect.NativeMethodAccessorImpl.invoke0(Native Method)
	at sun.reflect.NativeMethodAccessorImpl.invoke(Unknown Source)
	at sun.reflect.DelegatingMethodAccessorImpl.invoke(Unknown Source)
	at java.lang.reflect.Method.invoke(Unknown Source)
	at org.springframework.web.method.support.InvocableHandlerMethod.doInvoke(InvocableHandlerMethod.java:215)
	at org.springframework.web.method.support.InvocableHandlerMethod.invokeForRequest(InvocableHandlerMethod.java:142)
	at org.springframework.web.servlet.mvc.method.annotation.ServletInvocableHandlerMethod.invokeAndHandle(ServletInvocableHandlerMethod.java:102)
	at org.springframework.web.servlet.mvc.method.annotation.RequestMappingHandlerAdapter.invokeHandlerMethod(RequestMappingHandlerAdapter.java:895)
	at org.springframework.web.servlet.mvc.method.annotation.RequestMappingHandlerAdapter.handleInternal(RequestMappingHandlerAdapter.java:800)
	at org.springframework.web.servlet.mvc.method.AbstractHandlerMethodAdapter.handle(AbstractHandlerMethodAdapter.java:87)
	at org.springframework.web.servlet.DispatcherServlet.doDispatch(DispatcherServlet.java:1038)
	at org.springframework.web.servlet.DispatcherServlet.doService(DispatcherServlet.java:942)
	at org.springframework.web.servlet.FrameworkServlet.processRequest(FrameworkServlet.java:998)
	at org.springframework.web.servlet.FrameworkServlet.doGet(FrameworkServlet.java:890)
	at javax.servlet.http.HttpServlet.service(HttpServlet.java:634)
	at org.springframework.web.servlet.FrameworkServlet.service(FrameworkServlet.java:875)
	at javax.servlet.http.HttpServlet.service(HttpServlet.java:741)
	at org.apache.catalina.core.ApplicationFilterChain.internalDoFilter(ApplicationFilterChain.java:231)
	at org.apache.catalina.core.ApplicationFilterChain.doFilter(ApplicationFilterChain.java:166)
	at org.apache.tomcat.websocket.server.WsFilter.doFilter(WsFilter.java:53)
	at org.apache.catalina.core.ApplicationFilterChain.internalDoFilter(ApplicationFilterChain.java:193)
	at org.apache.catalina.core.ApplicationFilterChain.doFilter(ApplicationFilterChain.java:166)
	at org.springframework.web.filter.RequestContextFilter.doFilterInternal(RequestContextFilter.java:99)
	at org.springframework.web.filter.OncePerRequestFilter.doFilter(OncePerRequestFilter.java:107)
	at org.apache.catalina.core.ApplicationFilterChain.internalDoFilter(ApplicationFilterChain.java:193)
	at org.apache.catalina.core.ApplicationFilterChain.doFilter(ApplicationFilterChain.java:166)
	at org.springframework.web.filter.FormContentFilter.doFilterInternal(FormContentFilter.java:92)
	at org.springframework.web.filter.OncePerRequestFilter.doFilter(OncePerRequestFilter.java:107)
	at org.apache.catalina.core.ApplicationFilterChain.internalDoFilter(ApplicationFilterChain.java:193)
	at org.apache.catalina.core.ApplicationFilterChain.doFilter(ApplicationFilterChain.java:166)
	at org.springframework.web.filter.HiddenHttpMethodFilter.doFilterInternal(HiddenHttpMethodFilter.java:93)
	at org.springframework.web.filter.OncePerRequestFilter.doFilter(OncePerRequestFilter.java:107)
	at org.apache.catalina.core.ApplicationFilterChain.internalDoFilter(ApplicationFilterChain.java:193)
	at org.apache.catalina.core.ApplicationFilterChain.doFilter(ApplicationFilterChain.java:166)
	at org.springframework.web.filter.CharacterEncodingFilter.doFilterInternal(CharacterEncodingFilter.java:200)
	at org.springframework.web.filter.OncePerRequestFilter.doFilter(OncePerRequestFilter.java:107)
	at org.apache.catalina.core.ApplicationFilterChain.internalDoFilter(ApplicationFilterChain.java:193)
	at org.apache.catalina.core.ApplicationFilterChain.doFilter(ApplicationFilterChain.java:166)
	at org.apache.catalina.core.StandardWrapperValve.invoke(StandardWrapperValve.java:199)
	at org.apache.catalina.core.StandardContextValve.invoke(StandardContextValve.java:96)
	at org.apache.catalina.authenticator.AuthenticatorBase.invoke(AuthenticatorBase.java:490)
	at org.apache.catalina.core.StandardHostValve.invoke(StandardHostValve.java:139)
	at org.apache.catalina.valves.ErrorReportValve.invoke(ErrorReportValve.java:92)
	at org.apache.catalina.core.StandardEngineValve.invoke(StandardEngineValve.java:74)
	at org.apache.catalina.connector.CoyoteAdapter.service(CoyoteAdapter.java:343)
	at org.apache.coyote.http11.Http11Processor.service(Http11Processor.java:408)
	at org.apache.coyote.AbstractProcessorLight.process(AbstractProcessorLight.java:66)
	at org.apache.coyote.AbstractProtocol$ConnectionHandler.process(AbstractProtocol.java:770)
	at org.apache.tomcat.util.net.NioEndpoint$SocketProcessor.doRun(NioEndpoint.java:1415)
	at org.apache.tomcat.util.net.SocketProcessorBase.run(SocketProcessorBase.java:49)
	at java.util.concurrent.ThreadPoolExecutor.runWorker(Unknown Source)
	at java.util.concurrent.ThreadPoolExecutor$Worker.run(Unknown Source)
	at org.apache.tomcat.util.threads.TaskThread$WrappingRunnable.run(TaskThread.java:61)
	at java.lang.Thread.run(Unknown Source)

2020-01-06 22:49:49.145  INFO 24052 --- [main] com.kibana.elk.ElkApplication            : Starting ElkApplication on Aman-Lal with PID 24052 (C:\Users\Lalpuria_am\eclipse-workspace\spring-boot-ELK\target\classes started by Lalpuria_Am in C:\Users\Lalpuria_am\eclipse-workspace\spring-boot-ELK)
2020-01-06 22:49:49.147  INFO 24052 --- [main] com.kibana.elk.ElkApplication            : No active profile set, falling back to default profiles: default
2020-01-06 22:49:50.390  INFO 24052 --- [main] o.s.b.w.embedded.tomcat.TomcatWebServer  : Tomcat initialized with port(s): 8080 (http)
2020-01-06 22:49:50.408  INFO 24052 --- [main] o.apache.catalina.core.StandardService   : Starting service [Tomcat]
2020-01-06 22:49:50.409  INFO 24052 --- [main] org.apache.catalina.core.StandardEngine  : Starting Servlet Engine: Apache Tomcat/9.0.12
2020-01-06 22:49:50.418  INFO 24052 --- [main] o.a.catalina.core.AprLifecycleListener   : The APR based Apache Tomcat Native library which allows optimal performance in production environments was not found on the java.library.path: [C:\Program Files\Java\jre1.8.0_152\bin;C:\Windows\Sun\Java\bin;C:\Windows\system32;C:\Windows;C:/Program Files/Java/jre1.8.0_152/bin/server;C:/Program Files/Java/jre1.8.0_152/bin;C:/Program Files/Java/jre1.8.0_152/lib/amd64;C:\ProgramData\Oracle\Java\javapath;C:\Windows\system32;C:\Windows;C:\Windows\System32\Wbem;C:\Windows\System32\WindowsPowerShell\v1.0\;C:\Windows\System32\OpenSSH\;C:\Users\Lalpuria_am\AppData\Local\Microsoft\WindowsApps;C:\Users\Lalpuria_am\AppData\Local\Programs\Git\cmd;C:\Users\Lalpuria_am\AppData\Local\Programs\Microsoft VS Code\bin;C:\Program Files\Java\jdk1.8.0_152\bin;;C:\Windows\system32;;.]
2020-01-06 22:49:50.522  INFO 24052 --- [main] o.a.c.c.C.[Tomcat].[localhost].[/]       : Initializing Spring embedded WebApplicationContext
2020-01-06 22:49:50.522  INFO 24052 --- [main] o.s.web.context.ContextLoader            : Root WebApplicationContext: initialization completed in 1336 ms
2020-01-06 22:49:50.549  INFO 24052 --- [main] o.s.b.w.servlet.ServletRegistrationBean  : Servlet dispatcherServlet mapped to [/]
2020-01-06 22:49:50.553  INFO 24052 --- [main] o.s.b.w.servlet.FilterRegistrationBean   : Mapping filter: 'characterEncodingFilter' to: [/*]
2020-01-06 22:49:50.554  INFO 24052 --- [main] o.s.b.w.servlet.FilterRegistrationBean   : Mapping filter: 'hiddenHttpMethodFilter' to: [/*]
2020-01-06 22:49:50.554  INFO 24052 --- [main] o.s.b.w.servlet.FilterRegistrationBean   : Mapping filter: 'formContentFilter' to: [/*]
2020-01-06 22:49:50.554  INFO 24052 --- [main] o.s.b.w.servlet.FilterRegistrationBean   : Mapping filter: 'requestContextFilter' to: [/*]
2020-01-06 22:49:50.727  INFO 24052 --- [main] o.s.s.concurrent.ThreadPoolTaskExecutor  : Initializing ExecutorService 'applicationTaskExecutor'
2020-01-06 22:49:50.906  INFO 24052 --- [main] o.s.b.w.embedded.tomcat.TomcatWebServer  : Tomcat started on port(s): 8080 (http) with context path ''
2020-01-06 22:49:50.910  INFO 24052 --- [main] com.kibana.elk.ElkApplication            : Started ElkApplication in 2.081 seconds (JVM running for 2.607)
2020-01-06 22:50:23.125  INFO 24052 --- [http-nio-8080-exec-1] o.a.c.c.C.[Tomcat].[localhost].[/]       : Initializing Spring DispatcherServlet 'dispatcherServlet'
2020-01-06 22:50:23.126  INFO 24052 --- [http-nio-8080-exec-1] o.s.web.servlet.DispatcherServlet        : Initializing Servlet 'dispatcherServlet'
2020-01-06 22:50:23.133  INFO 24052 --- [http-nio-8080-exec-1] o.s.web.servlet.DispatcherServlet        : Completed initialization in 7 ms
2020-01-06 22:50:23.203  INFO 24052 --- [http-nio-8080-exec-1] com.kibana.elk.controller.ELKController  : Welcome to Logger Filtter Mon Jan 06 22:50:23 IST 2020
2020-01-06 22:50:29.076 ERROR 24052 --- [http-nio-8080-exec-2] com.kibana.elk.controller.ELKController  : Exceptionjava.lang.Exception: Exception has occured....
2020-01-06 22:50:29.076 ERROR 24052 --- [http-nio-8080-exec-2] com.kibana.elk.controller.ELKController  : Exception - java.lang.Exception: Exception has occured....
	at com.kibana.elk.controller.ELKController.exception(ELKController.java:40)
	at sun.reflect.NativeMethodAccessorImpl.invoke0(Native Method)
	at sun.reflect.NativeMethodAccessorImpl.invoke(Unknown Source)
	at sun.reflect.DelegatingMethodAccessorImpl.invoke(Unknown Source)
	at java.lang.reflect.Method.invoke(Unknown Source)
	at org.springframework.web.method.support.InvocableHandlerMethod.doInvoke(InvocableHandlerMethod.java:215)
	at org.springframework.web.method.support.InvocableHandlerMethod.invokeForRequest(InvocableHandlerMethod.java:142)
	at org.springframework.web.servlet.mvc.method.annotation.ServletInvocableHandlerMethod.invokeAndHandle(ServletInvocableHandlerMethod.java:102)
	at org.springframework.web.servlet.mvc.method.annotation.RequestMappingHandlerAdapter.invokeHandlerMethod(RequestMappingHandlerAdapter.java:895)
	at org.springframework.web.servlet.mvc.method.annotation.RequestMappingHandlerAdapter.handleInternal(RequestMappingHandlerAdapter.java:800)
	at org.springframework.web.servlet.mvc.method.AbstractHandlerMethodAdapter.handle(AbstractHandlerMethodAdapter.java:87)
	at org.springframework.web.servlet.DispatcherServlet.doDispatch(DispatcherServlet.java:1038)
	at org.springframework.web.servlet.DispatcherServlet.doService(DispatcherServlet.java:942)
	at org.springframework.web.servlet.FrameworkServlet.processRequest(FrameworkServlet.java:998)
	at org.springframework.web.servlet.FrameworkServlet.doGet(FrameworkServlet.java:890)
	at javax.servlet.http.HttpServlet.service(HttpServlet.java:634)
	at org.springframework.web.servlet.FrameworkServlet.service(FrameworkServlet.java:875)
	at javax.servlet.http.HttpServlet.service(HttpServlet.java:741)
	at org.apache.catalina.core.ApplicationFilterChain.internalDoFilter(ApplicationFilterChain.java:231)
	at org.apache.catalina.core.ApplicationFilterChain.doFilter(ApplicationFilterChain.java:166)
	at org.apache.tomcat.websocket.server.WsFilter.doFilter(WsFilter.java:53)
	at org.apache.catalina.core.ApplicationFilterChain.internalDoFilter(ApplicationFilterChain.java:193)
	at org.apache.catalina.core.ApplicationFilterChain.doFilter(ApplicationFilterChain.java:166)
	at org.springframework.web.filter.RequestContextFilter.doFilterInternal(RequestContextFilter.java:99)
	at org.springframework.web.filter.OncePerRequestFilter.doFilter(OncePerRequestFilter.java:107)
	at org.apache.catalina.core.ApplicationFilterChain.internalDoFilter(ApplicationFilterChain.java:193)
	at org.apache.catalina.core.ApplicationFilterChain.doFilter(ApplicationFilterChain.java:166)
	at org.springframework.web.filter.FormContentFilter.doFilterInternal(FormContentFilter.java:92)
	at org.springframework.web.filter.OncePerRequestFilter.doFilter(OncePerRequestFilter.java:107)
	at org.apache.catalina.core.ApplicationFilterChain.internalDoFilter(ApplicationFilterChain.java:193)
	at org.apache.catalina.core.ApplicationFilterChain.doFilter(ApplicationFilterChain.java:166)
	at org.springframework.web.filter.HiddenHttpMethodFilter.doFilterInternal(HiddenHttpMethodFilter.java:93)
	at org.springframework.web.filter.OncePerRequestFilter.doFilter(OncePerRequestFilter.java:107)
	at org.apache.catalina.core.ApplicationFilterChain.internalDoFilter(ApplicationFilterChain.java:193)
	at org.apache.catalina.core.ApplicationFilterChain.doFilter(ApplicationFilterChain.java:166)
	at org.springframework.web.filter.CharacterEncodingFilter.doFilterInternal(CharacterEncodingFilter.java:200)
	at org.springframework.web.filter.OncePerRequestFilter.doFilter(OncePerRequestFilter.java:107)
	at org.apache.catalina.core.ApplicationFilterChain.internalDoFilter(ApplicationFilterChain.java:193)
	at org.apache.catalina.core.ApplicationFilterChain.doFilter(ApplicationFilterChain.java:166)
	at org.apache.catalina.core.StandardWrapperValve.invoke(StandardWrapperValve.java:199)
	at org.apache.catalina.core.StandardContextValve.invoke(StandardContextValve.java:96)
	at org.apache.catalina.authenticator.AuthenticatorBase.invoke(AuthenticatorBase.java:490)
	at org.apache.catalina.core.StandardHostValve.invoke(StandardHostValve.java:139)
	at org.apache.catalina.valves.ErrorReportValve.invoke(ErrorReportValve.java:92)
	at org.apache.catalina.core.StandardEngineValve.invoke(StandardEngineValve.java:74)
	at org.apache.catalina.connector.CoyoteAdapter.service(CoyoteAdapter.java:343)
	at org.apache.coyote.http11.Http11Processor.service(Http11Processor.java:408)
	at org.apache.coyote.AbstractProcessorLight.process(AbstractProcessorLight.java:66)
	at org.apache.coyote.AbstractProtocol$ConnectionHandler.process(AbstractProtocol.java:770)
	at org.apache.tomcat.util.net.NioEndpoint$SocketProcessor.doRun(NioEndpoint.java:1415)
	at org.apache.tomcat.util.net.SocketProcessorBase.run(SocketProcessorBase.java:49)
	at java.util.concurrent.ThreadPoolExecutor.runWorker(Unknown Source)
	at java.util.concurrent.ThreadPoolExecutor$Worker.run(Unknown Source)
	at org.apache.tomcat.util.threads.TaskThread$WrappingRunnable.run(TaskThread.java:61)
	at java.lang.Thread.run(Unknown Source)

2020-01-06 22:50:33.865  INFO 24052 --- [http-nio-8080-exec-4] com.kibana.elk.controller.ELKController  : Welcome to Logger Filtter Mon Jan 06 22:50:33 IST 2020
2020-01-06 22:50:37.665  INFO 24052 --- [http-nio-8080-exec-5] com.kibana.elk.controller.ELKController  : Welcome to Logger Filtter Mon Jan 06 22:50:37 IST 2020
2020-01-06 22:50:38.181  INFO 24052 --- [http-nio-8080-exec-7] com.kibana.elk.controller.ELKController  : Welcome to Logger Filtter Mon Jan 06 22:50:38 IST 2020
2020-01-06 22:50:38.557  INFO 24052 --- [http-nio-8080-exec-9] com.kibana.elk.controller.ELKController  : Welcome to Logger Filtter Mon Jan 06 22:50:38 IST 2020
2020-01-06 22:50:38.801  INFO 24052 --- [http-nio-8080-exec-1] com.kibana.elk.controller.ELKController  : Welcome to Logger Filtter Mon Jan 06 22:50:38 IST 2020
2020-01-06 22:50:39.010  INFO 24052 --- [http-nio-8080-exec-3] com.kibana.elk.controller.ELKController  : Welcome to Logger Filtter Mon Jan 06 22:50:39 IST 2020
2020-01-06 22:50:39.219  INFO 24052 --- [http-nio-8080-exec-5] com.kibana.elk.controller.ELKController  : Welcome to Logger Filtter Mon Jan 06 22:50:39 IST 2020
2020-01-06 22:50:39.396  INFO 24052 --- [http-nio-8080-exec-7] com.kibana.elk.controller.ELKController  : Welcome to Logger Filtter Mon Jan 06 22:50:39 IST 2020
2020-01-06 22:50:39.594  INFO 24052 --- [http-nio-8080-exec-9] com.kibana.elk.controller.ELKController  : Welcome to Logger Filtter Mon Jan 06 22:50:39 IST 2020
2020-01-06 22:50:39.763  INFO 24052 --- [http-nio-8080-exec-1] com.kibana.elk.controller.ELKController  : Welcome to Logger Filtter Mon Jan 06 22:50:39 IST 2020
2020-01-06 22:50:39.959  INFO 24052 --- [http-nio-8080-exec-3] com.kibana.elk.controller.ELKController  : Welcome to Logger Filtter Mon Jan 06 22:50:39 IST 2020
2020-01-06 22:50:40.309  INFO 24052 --- [http-nio-8080-exec-5] com.kibana.elk.controller.ELKController  : Welcome to Logger Filtter Mon Jan 06 22:50:40 IST 2020
2020-01-06 22:50:40.492  INFO 24052 --- [http-nio-8080-exec-7] com.kibana.elk.controller.ELKController  : Welcome to Logger Filtter Mon Jan 06 22:50:40 IST 2020
2020-01-06 22:50:40.667  INFO 24052 --- [http-nio-8080-exec-9] com.kibana.elk.controller.ELKController  : Welcome to Logger Filtter Mon Jan 06 22:50:40 IST 2020
2020-01-06 22:50:40.849  INFO 24052 --- [http-nio-8080-exec-1] com.kibana.elk.controller.ELKController  : Welcome to Logger Filtter Mon Jan 06 22:50:40 IST 2020
2020-01-06 22:50:41.041  INFO 24052 --- [http-nio-8080-exec-3] com.kibana.elk.controller.ELKController  : Welcome to Logger Filtter Mon Jan 06 22:50:41 IST 2020
2020-01-06 22:50:41.225  INFO 24052 --- [http-nio-8080-exec-5] com.kibana.elk.controller.ELKController  : Welcome to Logger Filtter Mon Jan 06 22:50:41 IST 2020
2020-01-06 22:50:41.444  INFO 24052 --- [http-nio-8080-exec-7] com.kibana.elk.controller.ELKController  : Welcome to Logger Filtter Mon Jan 06 22:50:41 IST 2020
2020-01-06 22:50:47.081 ERROR 24052 --- [http-nio-8080-exec-10] com.kibana.elk.controller.ELKController  : Exceptionjava.lang.Exception: Exception has occured....
2020-01-06 22:50:47.082 ERROR 24052 --- [http-nio-8080-exec-10] com.kibana.elk.controller.ELKController  : Exception - java.lang.Exception: Exception has occured....
	at com.kibana.elk.controller.ELKController.exception(ELKController.java:40)
	at sun.reflect.NativeMethodAccessorImpl.invoke0(Native Method)
	at sun.reflect.NativeMethodAccessorImpl.invoke(Unknown Source)
	at sun.reflect.DelegatingMethodAccessorImpl.invoke(Unknown Source)
	at java.lang.reflect.Method.invoke(Unknown Source)
	at org.springframework.web.method.support.InvocableHandlerMethod.doInvoke(InvocableHandlerMethod.java:215)
	at org.springframework.web.method.support.InvocableHandlerMethod.invokeForRequest(InvocableHandlerMethod.java:142)
	at org.springframework.web.servlet.mvc.method.annotation.ServletInvocableHandlerMethod.invokeAndHandle(ServletInvocableHandlerMethod.java:102)
	at org.springframework.web.servlet.mvc.method.annotation.RequestMappingHandlerAdapter.invokeHandlerMethod(RequestMappingHandlerAdapter.java:895)
	at org.springframework.web.servlet.mvc.method.annotation.RequestMappingHandlerAdapter.handleInternal(RequestMappingHandlerAdapter.java:800)
	at org.springframework.web.servlet.mvc.method.AbstractHandlerMethodAdapter.handle(AbstractHandlerMethodAdapter.java:87)
	at org.springframework.web.servlet.DispatcherServlet.doDispatch(DispatcherServlet.java:1038)
	at org.springframework.web.servlet.DispatcherServlet.doService(DispatcherServlet.java:942)
	at org.springframework.web.servlet.FrameworkServlet.processRequest(FrameworkServlet.java:998)
	at org.springframework.web.servlet.FrameworkServlet.doGet(FrameworkServlet.java:890)
	at javax.servlet.http.HttpServlet.service(HttpServlet.java:634)
	at org.springframework.web.servlet.FrameworkServlet.service(FrameworkServlet.java:875)
	at javax.servlet.http.HttpServlet.service(HttpServlet.java:741)
	at org.apache.catalina.core.ApplicationFilterChain.internalDoFilter(ApplicationFilterChain.java:231)
	at org.apache.catalina.core.ApplicationFilterChain.doFilter(ApplicationFilterChain.java:166)
	at org.apache.tomcat.websocket.server.WsFilter.doFilter(WsFilter.java:53)
	at org.apache.catalina.core.ApplicationFilterChain.internalDoFilter(ApplicationFilterChain.java:193)
	at org.apache.catalina.core.ApplicationFilterChain.doFilter(ApplicationFilterChain.java:166)
	at org.springframework.web.filter.RequestContextFilter.doFilterInternal(RequestContextFilter.java:99)
	at org.springframework.web.filter.OncePerRequestFilter.doFilter(OncePerRequestFilter.java:107)
	at org.apache.catalina.core.ApplicationFilterChain.internalDoFilter(ApplicationFilterChain.java:193)
	at org.apache.catalina.core.ApplicationFilterChain.doFilter(ApplicationFilterChain.java:166)
	at org.springframework.web.filter.FormContentFilter.doFilterInternal(FormContentFilter.java:92)
	at org.springframework.web.filter.OncePerRequestFilter.doFilter(OncePerRequestFilter.java:107)
	at org.apache.catalina.core.ApplicationFilterChain.internalDoFilter(ApplicationFilterChain.java:193)
	at org.apache.catalina.core.ApplicationFilterChain.doFilter(ApplicationFilterChain.java:166)
	at org.springframework.web.filter.HiddenHttpMethodFilter.doFilterInternal(HiddenHttpMethodFilter.java:93)
	at org.springframework.web.filter.OncePerRequestFilter.doFilter(OncePerRequestFilter.java:107)
	at org.apache.catalina.core.ApplicationFilterChain.internalDoFilter(ApplicationFilterChain.java:193)
	at org.apache.catalina.core.ApplicationFilterChain.doFilter(ApplicationFilterChain.java:166)
	at org.springframework.web.filter.CharacterEncodingFilter.doFilterInternal(CharacterEncodingFilter.java:200)
	at org.springframework.web.filter.OncePerRequestFilter.doFilter(OncePerRequestFilter.java:107)
	at org.apache.catalina.core.ApplicationFilterChain.internalDoFilter(ApplicationFilterChain.java:193)
	at org.apache.catalina.core.ApplicationFilterChain.doFilter(ApplicationFilterChain.java:166)
	at org.apache.catalina.core.StandardWrapperValve.invoke(StandardWrapperValve.java:199)
	at org.apache.catalina.core.StandardContextValve.invoke(StandardContextValve.java:96)
	at org.apache.catalina.authenticator.AuthenticatorBase.invoke(AuthenticatorBase.java:490)
	at org.apache.catalina.core.StandardHostValve.invoke(StandardHostValve.java:139)
	at org.apache.catalina.valves.ErrorReportValve.invoke(ErrorReportValve.java:92)
	at org.apache.catalina.core.StandardEngineValve.invoke(StandardEngineValve.java:74)
	at org.apache.catalina.connector.CoyoteAdapter.service(CoyoteAdapter.java:343)
	at org.apache.coyote.http11.Http11Processor.service(Http11Processor.java:408)
	at org.apache.coyote.AbstractProcessorLight.process(AbstractProcessorLight.java:66)
	at org.apache.coyote.AbstractProtocol$ConnectionHandler.process(AbstractProtocol.java:770)
	at org.apache.tomcat.util.net.NioEndpoint$SocketProcessor.doRun(NioEndpoint.java:1415)
	at org.apache.tomcat.util.net.SocketProcessorBase.run(SocketProcessorBase.java:49)
	at java.util.concurrent.ThreadPoolExecutor.runWorker(Unknown Source)
	at java.util.concurrent.ThreadPoolExecutor$Worker.run(Unknown Source)
	at org.apache.tomcat.util.threads.TaskThread$WrappingRunnable.run(TaskThread.java:61)
	at java.lang.Thread.run(Unknown Source)

2020-01-06 23:23:11.624  INFO 12844 --- [main] com.kibana.elk.ElkApplication            : Starting ElkApplication on Aman-Lal with PID 12844 (C:\Users\Lalpuria_am\eclipse-workspace\spring-boot-ELK\target\classes started by Lalpuria_Am in C:\Users\Lalpuria_am\eclipse-workspace\spring-boot-ELK)
2020-01-06 23:23:11.627  INFO 12844 --- [main] com.kibana.elk.ElkApplication            : No active profile set, falling back to default profiles: default
2020-01-06 23:23:12.841  INFO 12844 --- [main] o.s.b.w.embedded.tomcat.TomcatWebServer  : Tomcat initialized with port(s): 8080 (http)
2020-01-06 23:23:12.863  INFO 12844 --- [main] o.apache.catalina.core.StandardService   : Starting service [Tomcat]
2020-01-06 23:23:12.863  INFO 12844 --- [main] org.apache.catalina.core.StandardEngine  : Starting Servlet Engine: Apache Tomcat/9.0.12
2020-01-06 23:23:12.873  INFO 12844 --- [main] o.a.catalina.core.AprLifecycleListener   : The APR based Apache Tomcat Native library which allows optimal performance in production environments was not found on the java.library.path: [C:\Program Files\Java\jre1.8.0_152\bin;C:\Windows\Sun\Java\bin;C:\Windows\system32;C:\Windows;C:/Program Files/Java/jre1.8.0_152/bin/server;C:/Program Files/Java/jre1.8.0_152/bin;C:/Program Files/Java/jre1.8.0_152/lib/amd64;C:\ProgramData\Oracle\Java\javapath;C:\Windows\system32;C:\Windows;C:\Windows\System32\Wbem;C:\Windows\System32\WindowsPowerShell\v1.0\;C:\Windows\System32\OpenSSH\;C:\Users\Lalpuria_am\AppData\Local\Microsoft\WindowsApps;C:\Users\Lalpuria_am\AppData\Local\Programs\Git\cmd;C:\Users\Lalpuria_am\AppData\Local\Programs\Microsoft VS Code\bin;C:\Program Files\Java\jdk1.8.0_152\bin;;C:\Windows\system32;;.]
2020-01-06 23:23:12.982  INFO 12844 --- [main] o.a.c.c.C.[Tomcat].[localhost].[/]       : Initializing Spring embedded WebApplicationContext
2020-01-06 23:23:12.982  INFO 12844 --- [main] o.s.web.context.ContextLoader            : Root WebApplicationContext: initialization completed in 1314 ms
2020-01-06 23:23:13.007  INFO 12844 --- [main] o.s.b.w.servlet.ServletRegistrationBean  : Servlet dispatcherServlet mapped to [/]
2020-01-06 23:23:13.011  INFO 12844 --- [main] o.s.b.w.servlet.FilterRegistrationBean   : Mapping filter: 'characterEncodingFilter' to: [/*]
2020-01-06 23:23:13.011  INFO 12844 --- [main] o.s.b.w.servlet.FilterRegistrationBean   : Mapping filter: 'hiddenHttpMethodFilter' to: [/*]
2020-01-06 23:23:13.012  INFO 12844 --- [main] o.s.b.w.servlet.FilterRegistrationBean   : Mapping filter: 'formContentFilter' to: [/*]
2020-01-06 23:23:13.012  INFO 12844 --- [main] o.s.b.w.servlet.FilterRegistrationBean   : Mapping filter: 'requestContextFilter' to: [/*]
2020-01-06 23:23:13.191  INFO 12844 --- [main] o.s.s.concurrent.ThreadPoolTaskExecutor  : Initializing ExecutorService 'applicationTaskExecutor'
2020-01-06 23:23:13.386  INFO 12844 --- [main] o.s.b.w.embedded.tomcat.TomcatWebServer  : Tomcat started on port(s): 8080 (http) with context path ''
2020-01-06 23:23:13.389  INFO 12844 --- [main] com.kibana.elk.ElkApplication            : Started ElkApplication in 2.084 seconds (JVM running for 2.624)
2020-01-06 23:23:19.689  INFO 12844 --- [http-nio-8080-exec-1] o.a.c.c.C.[Tomcat].[localhost].[/]       : Initializing Spring DispatcherServlet 'dispatcherServlet'
2020-01-06 23:23:19.690  INFO 12844 --- [http-nio-8080-exec-1] o.s.web.servlet.DispatcherServlet        : Initializing Servlet 'dispatcherServlet'
2020-01-06 23:23:19.699  INFO 12844 --- [http-nio-8080-exec-1] o.s.web.servlet.DispatcherServlet        : Completed initialization in 9 ms
2020-01-06 23:23:19.767 ERROR 12844 --- [http-nio-8080-exec-1] com.kibana.elk.controller.ELKController  : Exceptionjava.lang.Exception: Exception has occured....
2020-01-06 23:23:19.768 ERROR 12844 --- [http-nio-8080-exec-1] com.kibana.elk.controller.ELKController  : Exception - java.lang.Exception: Exception has occured....
	at com.kibana.elk.controller.ELKController.exception(ELKController.java:40)
	at sun.reflect.NativeMethodAccessorImpl.invoke0(Native Method)
	at sun.reflect.NativeMethodAccessorImpl.invoke(Unknown Source)
	at sun.reflect.DelegatingMethodAccessorImpl.invoke(Unknown Source)
	at java.lang.reflect.Method.invoke(Unknown Source)
	at org.springframework.web.method.support.InvocableHandlerMethod.doInvoke(InvocableHandlerMethod.java:215)
	at org.springframework.web.method.support.InvocableHandlerMethod.invokeForRequest(InvocableHandlerMethod.java:142)
	at org.springframework.web.servlet.mvc.method.annotation.ServletInvocableHandlerMethod.invokeAndHandle(ServletInvocableHandlerMethod.java:102)
	at org.springframework.web.servlet.mvc.method.annotation.RequestMappingHandlerAdapter.invokeHandlerMethod(RequestMappingHandlerAdapter.java:895)
	at org.springframework.web.servlet.mvc.method.annotation.RequestMappingHandlerAdapter.handleInternal(RequestMappingHandlerAdapter.java:800)
	at org.springframework.web.servlet.mvc.method.AbstractHandlerMethodAdapter.handle(AbstractHandlerMethodAdapter.java:87)
	at org.springframework.web.servlet.DispatcherServlet.doDispatch(DispatcherServlet.java:1038)
	at org.springframework.web.servlet.DispatcherServlet.doService(DispatcherServlet.java:942)
	at org.springframework.web.servlet.FrameworkServlet.processRequest(FrameworkServlet.java:998)
	at org.springframework.web.servlet.FrameworkServlet.doGet(FrameworkServlet.java:890)
	at javax.servlet.http.HttpServlet.service(HttpServlet.java:634)
	at org.springframework.web.servlet.FrameworkServlet.service(FrameworkServlet.java:875)
	at javax.servlet.http.HttpServlet.service(HttpServlet.java:741)
	at org.apache.catalina.core.ApplicationFilterChain.internalDoFilter(ApplicationFilterChain.java:231)
	at org.apache.catalina.core.ApplicationFilterChain.doFilter(ApplicationFilterChain.java:166)
	at org.apache.tomcat.websocket.server.WsFilter.doFilter(WsFilter.java:53)
	at org.apache.catalina.core.ApplicationFilterChain.internalDoFilter(ApplicationFilterChain.java:193)
	at org.apache.catalina.core.ApplicationFilterChain.doFilter(ApplicationFilterChain.java:166)
	at org.springframework.web.filter.RequestContextFilter.doFilterInternal(RequestContextFilter.java:99)
	at org.springframework.web.filter.OncePerRequestFilter.doFilter(OncePerRequestFilter.java:107)
	at org.apache.catalina.core.ApplicationFilterChain.internalDoFilter(ApplicationFilterChain.java:193)
	at org.apache.catalina.core.ApplicationFilterChain.doFilter(ApplicationFilterChain.java:166)
	at org.springframework.web.filter.FormContentFilter.doFilterInternal(FormContentFilter.java:92)
	at org.springframework.web.filter.OncePerRequestFilter.doFilter(OncePerRequestFilter.java:107)
	at org.apache.catalina.core.ApplicationFilterChain.internalDoFilter(ApplicationFilterChain.java:193)
	at org.apache.catalina.core.ApplicationFilterChain.doFilter(ApplicationFilterChain.java:166)
	at org.springframework.web.filter.HiddenHttpMethodFilter.doFilterInternal(HiddenHttpMethodFilter.java:93)
	at org.springframework.web.filter.OncePerRequestFilter.doFilter(OncePerRequestFilter.java:107)
	at org.apache.catalina.core.ApplicationFilterChain.internalDoFilter(ApplicationFilterChain.java:193)
	at org.apache.catalina.core.ApplicationFilterChain.doFilter(ApplicationFilterChain.java:166)
	at org.springframework.web.filter.CharacterEncodingFilter.doFilterInternal(CharacterEncodingFilter.java:200)
	at org.springframework.web.filter.OncePerRequestFilter.doFilter(OncePerRequestFilter.java:107)
	at org.apache.catalina.core.ApplicationFilterChain.internalDoFilter(ApplicationFilterChain.java:193)
	at org.apache.catalina.core.ApplicationFilterChain.doFilter(ApplicationFilterChain.java:166)
	at org.apache.catalina.core.StandardWrapperValve.invoke(StandardWrapperValve.java:199)
	at org.apache.catalina.core.StandardContextValve.invoke(StandardContextValve.java:96)
	at org.apache.catalina.authenticator.AuthenticatorBase.invoke(AuthenticatorBase.java:490)
	at org.apache.catalina.core.StandardHostValve.invoke(StandardHostValve.java:139)
	at org.apache.catalina.valves.ErrorReportValve.invoke(ErrorReportValve.java:92)
	at org.apache.catalina.core.StandardEngineValve.invoke(StandardEngineValve.java:74)
	at org.apache.catalina.connector.CoyoteAdapter.service(CoyoteAdapter.java:343)
	at org.apache.coyote.http11.Http11Processor.service(Http11Processor.java:408)
	at org.apache.coyote.AbstractProcessorLight.process(AbstractProcessorLight.java:66)
	at org.apache.coyote.AbstractProtocol$ConnectionHandler.process(AbstractProtocol.java:770)
	at org.apache.tomcat.util.net.NioEndpoint$SocketProcessor.doRun(NioEndpoint.java:1415)
	at org.apache.tomcat.util.net.SocketProcessorBase.run(SocketProcessorBase.java:49)
	at java.util.concurrent.ThreadPoolExecutor.runWorker(Unknown Source)
	at java.util.concurrent.ThreadPoolExecutor$Worker.run(Unknown Source)
	at org.apache.tomcat.util.threads.TaskThread$WrappingRunnable.run(TaskThread.java:61)
	at java.lang.Thread.run(Unknown Source)

2020-01-06 23:23:22.914  INFO 12844 --- [http-nio-8080-exec-2] com.kibana.elk.controller.ELKController  : Welcome to Logger Filtter Mon Jan 06 23:23:22 IST 2020
2020-01-06 23:23:25.093  INFO 12844 --- [http-nio-8080-exec-4] com.kibana.elk.controller.ELKController  : Welcome to Logger Filtter Mon Jan 06 23:23:25 IST 2020
2020-01-06 23:23:25.890  INFO 12844 --- [http-nio-8080-exec-6] com.kibana.elk.controller.ELKController  : Welcome to Logger Filtter Mon Jan 06 23:23:25 IST 2020
2020-01-06 23:23:26.688  INFO 12844 --- [http-nio-8080-exec-8] com.kibana.elk.controller.ELKController  : Welcome to Logger Filtter Mon Jan 06 23:23:26 IST 2020
2020-01-06 23:23:27.317  INFO 12844 --- [http-nio-8080-exec-10] com.kibana.elk.controller.ELKController  : Welcome to Logger Filtter Mon Jan 06 23:23:27 IST 2020
2020-01-06 23:23:28.021  INFO 12844 --- [http-nio-8080-exec-3] com.kibana.elk.controller.ELKController  : Welcome to Logger Filtter Mon Jan 06 23:23:28 IST 2020
2020-01-06 23:23:28.832  INFO 12844 --- [http-nio-8080-exec-4] com.kibana.elk.controller.ELKController  : Welcome to Logger Filtter Mon Jan 06 23:23:28 IST 2020
2020-01-06 23:23:29.613  INFO 12844 --- [http-nio-8080-exec-6] com.kibana.elk.controller.ELKController  : Welcome to Logger Filtter Mon Jan 06 23:23:29 IST 2020
2020-01-06 23:23:30.485  INFO 12844 --- [http-nio-8080-exec-9] com.kibana.elk.controller.ELKController  : Welcome to Logger Filtter Mon Jan 06 23:23:30 IST 2020
2020-01-06 23:23:31.305  INFO 12844 --- [http-nio-8080-exec-1] com.kibana.elk.controller.ELKController  : Welcome to Logger Filtter Mon Jan 06 23:23:31 IST 2020
2020-01-06 23:23:32.061  INFO 12844 --- [http-nio-8080-exec-2] com.kibana.elk.controller.ELKController  : Welcome to Logger Filtter Mon Jan 06 23:23:32 IST 2020
2020-01-06 23:23:32.785  INFO 12844 --- [http-nio-8080-exec-5] com.kibana.elk.controller.ELKController  : Welcome to Logger Filtter Mon Jan 06 23:23:32 IST 2020
2020-01-06 23:23:33.442  INFO 12844 --- [http-nio-8080-exec-7] com.kibana.elk.controller.ELKController  : Welcome to Logger Filtter Mon Jan 06 23:23:33 IST 2020
2020-01-06 23:23:36.593 ERROR 12844 --- [http-nio-8080-exec-9] com.kibana.elk.controller.ELKController  : Exceptionjava.lang.Exception: Exception has occured....
2020-01-06 23:23:36.594 ERROR 12844 --- [http-nio-8080-exec-9] com.kibana.elk.controller.ELKController  : Exception - java.lang.Exception: Exception has occured....
	at com.kibana.elk.controller.ELKController.exception(ELKController.java:40)
	at sun.reflect.NativeMethodAccessorImpl.invoke0(Native Method)
	at sun.reflect.NativeMethodAccessorImpl.invoke(Unknown Source)
	at sun.reflect.DelegatingMethodAccessorImpl.invoke(Unknown Source)
	at java.lang.reflect.Method.invoke(Unknown Source)
	at org.springframework.web.method.support.InvocableHandlerMethod.doInvoke(InvocableHandlerMethod.java:215)
	at org.springframework.web.method.support.InvocableHandlerMethod.invokeForRequest(InvocableHandlerMethod.java:142)
	at org.springframework.web.servlet.mvc.method.annotation.ServletInvocableHandlerMethod.invokeAndHandle(ServletInvocableHandlerMethod.java:102)
	at org.springframework.web.servlet.mvc.method.annotation.RequestMappingHandlerAdapter.invokeHandlerMethod(RequestMappingHandlerAdapter.java:895)
	at org.springframework.web.servlet.mvc.method.annotation.RequestMappingHandlerAdapter.handleInternal(RequestMappingHandlerAdapter.java:800)
	at org.springframework.web.servlet.mvc.method.AbstractHandlerMethodAdapter.handle(AbstractHandlerMethodAdapter.java:87)
	at org.springframework.web.servlet.DispatcherServlet.doDispatch(DispatcherServlet.java:1038)
	at org.springframework.web.servlet.DispatcherServlet.doService(DispatcherServlet.java:942)
	at org.springframework.web.servlet.FrameworkServlet.processRequest(FrameworkServlet.java:998)
	at org.springframework.web.servlet.FrameworkServlet.doGet(FrameworkServlet.java:890)
	at javax.servlet.http.HttpServlet.service(HttpServlet.java:634)
	at org.springframework.web.servlet.FrameworkServlet.service(FrameworkServlet.java:875)
	at javax.servlet.http.HttpServlet.service(HttpServlet.java:741)
	at org.apache.catalina.core.ApplicationFilterChain.internalDoFilter(ApplicationFilterChain.java:231)
	at org.apache.catalina.core.ApplicationFilterChain.doFilter(ApplicationFilterChain.java:166)
	at org.apache.tomcat.websocket.server.WsFilter.doFilter(WsFilter.java:53)
	at org.apache.catalina.core.ApplicationFilterChain.internalDoFilter(ApplicationFilterChain.java:193)
	at org.apache.catalina.core.ApplicationFilterChain.doFilter(ApplicationFilterChain.java:166)
	at org.springframework.web.filter.RequestContextFilter.doFilterInternal(RequestContextFilter.java:99)
	at org.springframework.web.filter.OncePerRequestFilter.doFilter(OncePerRequestFilter.java:107)
	at org.apache.catalina.core.ApplicationFilterChain.internalDoFilter(ApplicationFilterChain.java:193)
	at org.apache.catalina.core.ApplicationFilterChain.doFilter(ApplicationFilterChain.java:166)
	at org.springframework.web.filter.FormContentFilter.doFilterInternal(FormContentFilter.java:92)
	at org.springframework.web.filter.OncePerRequestFilter.doFilter(OncePerRequestFilter.java:107)
	at org.apache.catalina.core.ApplicationFilterChain.internalDoFilter(ApplicationFilterChain.java:193)
	at org.apache.catalina.core.ApplicationFilterChain.doFilter(ApplicationFilterChain.java:166)
	at org.springframework.web.filter.HiddenHttpMethodFilter.doFilterInternal(HiddenHttpMethodFilter.java:93)
	at org.springframework.web.filter.OncePerRequestFilter.doFilter(OncePerRequestFilter.java:107)
	at org.apache.catalina.core.ApplicationFilterChain.internalDoFilter(ApplicationFilterChain.java:193)
	at org.apache.catalina.core.ApplicationFilterChain.doFilter(ApplicationFilterChain.java:166)
	at org.springframework.web.filter.CharacterEncodingFilter.doFilterInternal(CharacterEncodingFilter.java:200)
	at org.springframework.web.filter.OncePerRequestFilter.doFilter(OncePerRequestFilter.java:107)
	at org.apache.catalina.core.ApplicationFilterChain.internalDoFilter(ApplicationFilterChain.java:193)
	at org.apache.catalina.core.ApplicationFilterChain.doFilter(ApplicationFilterChain.java:166)
	at org.apache.catalina.core.StandardWrapperValve.invoke(StandardWrapperValve.java:199)
	at org.apache.catalina.core.StandardContextValve.invoke(StandardContextValve.java:96)
	at org.apache.catalina.authenticator.AuthenticatorBase.invoke(AuthenticatorBase.java:490)
	at org.apache.catalina.core.StandardHostValve.invoke(StandardHostValve.java:139)
	at org.apache.catalina.valves.ErrorReportValve.invoke(ErrorReportValve.java:92)
	at org.apache.catalina.core.StandardEngineValve.invoke(StandardEngineValve.java:74)
	at org.apache.catalina.connector.CoyoteAdapter.service(CoyoteAdapter.java:343)
	at org.apache.coyote.http11.Http11Processor.service(Http11Processor.java:408)
	at org.apache.coyote.AbstractProcessorLight.process(AbstractProcessorLight.java:66)
	at org.apache.coyote.AbstractProtocol$ConnectionHandler.process(AbstractProtocol.java:770)
	at org.apache.tomcat.util.net.NioEndpoint$SocketProcessor.doRun(NioEndpoint.java:1415)
	at org.apache.tomcat.util.net.SocketProcessorBase.run(SocketProcessorBase.java:49)
	at java.util.concurrent.ThreadPoolExecutor.runWorker(Unknown Source)
	at java.util.concurrent.ThreadPoolExecutor$Worker.run(Unknown Source)
	at org.apache.tomcat.util.threads.TaskThread$WrappingRunnable.run(TaskThread.java:61)
	at java.lang.Thread.run(Unknown Source)

